<?xml version="1.0" encoding="UTF-8"?>
<!-- Generated by org.testng.reporters.JUnitReportReporter -->
<testsuite skipped="0" hostname="Jeys-MacBook-Pro.local" name="com.restApi_Post.PostApiWith_POJO" tests="1" failures="0" timestamp="10 Aug 2021 13:33:07 GMT" time="3.202" errors="0">
  <testcase name="createUser_With_POJO_TEMPLATE" time="3.202" classname="com.restApi_Post.PostApiWith_POJO"/>
</testsuite> <!-- com.restApi_Post.PostApiWith_POJO -->
