<?xml version="1.0" encoding="UTF-8"?>
<!-- Generated by org.testng.reporters.JUnitReportReporter -->
<testsuite skipped="0" hostname="Jeys-MacBook-Pro.local" name="com.restApi_Post.PostApiBDD" tests="1" failures="0" timestamp="25 Sep 2021 20:50:54 GMT" time="1.781" errors="0">
  <testcase name="tokenPostApi_test_File2" time="1.781" classname="com.restApi_Post.PostApiBDD"/>
</testsuite> <!-- com.restApi_Post.PostApiBDD -->
