<?xml version="1.0" encoding="UTF-8"?>
<!-- Generated by org.testng.reporters.JUnitReportReporter -->
<testsuite skipped="0" hostname="Jeys-MacBook-Pro.local" name="com.rest.api.authentications.GenereateTokenAtTheRunTime" tests="1" failures="0" timestamp="24 Sep 2021 19:58:29 GMT" time="2.278" errors="0">
  <testcase name="generateToken_OAuth_2" time="2.278" classname="com.rest.api.authentications.GenereateTokenAtTheRunTime"/>
</testsuite> <!-- com.rest.api.authentications.GenereateTokenAtTheRunTime -->
