<?xml version="1.0" encoding="UTF-8"?>
<!-- Generated by org.testng.reporters.JUnitReportReporter -->
<testsuite skipped="0" hostname="Jeys-MacBook-Pro.local" name="com.restApi_Get.getBddApiWith_XML" tests="1" failures="0" timestamp="18 Aug 2021 21:32:04 GMT" time="2.998" errors="0">
  <testcase name="getUser_Bdd_Test_xml_2" time="2.998" classname="com.restApi_Get.getBddApiWith_XML"/>
</testsuite> <!-- com.restApi_Get.getBddApiWith_XML -->
