<?xml version="1.0" encoding="UTF-8"?>
<!-- Generated by org.testng.reporters.JUnitReportReporter -->
<testsuite skipped="0" hostname="Jeys-MacBook-Pro.local" name="com.restApi_Get.Get_API_BDD" tests="4" failures="0" timestamp="28 Oct 2021 13:23:39 GMT" time="3.245" errors="0">
  <testcase name="numberOfCircuitsYearTest" time="0.359" classname="com.restApi_Get.Get_API_BDD"/>
  <testcase name="numberOfCircuitsYearTest" time="1.822" classname="com.restApi_Get.Get_API_BDD"/>
  <testcase name="numberOfCircuitsYearTest" time="0.696" classname="com.restApi_Get.Get_API_BDD"/>
  <testcase name="numberOfCircuitsYearTest" time="0.368" classname="com.restApi_Get.Get_API_BDD"/>
</testsuite> <!-- com.restApi_Get.Get_API_BDD -->
