<?xml version="1.0" encoding="UTF-8"?>
<!-- Generated by org.testng.reporters.JUnitReportReporter -->
<testsuite skipped="0" hostname="Jeys-MacBook-Pro.local" name="com.restApi_Post.PostApiBDD" tests="1" failures="0" timestamp="28 Oct 2021 04:25:34 GMT" time="1.329" errors="0">
  <testcase name="tokenPostApi_test_String" time="1.329" classname="com.restApi_Post.PostApiBDD"/>
</testsuite> <!-- com.restApi_Post.PostApiBDD -->
