<?xml version="1.0" encoding="UTF-8"?>
<!-- Generated by org.testng.reporters.JUnitReportReporter -->
<testsuite skipped="0" hostname="Jeys-MBP.fios-router.home" name="com.rest.api.authentications.OAuth2_concept" tests="1" failures="0" timestamp="04 Aug 2021 14:38:35 GMT" time="1.170" errors="0">
  <testcase name="oAuth2APIstest" time="1.170" classname="com.rest.api.authentications.OAuth2_concept"/>
</testsuite> <!-- com.rest.api.authentications.OAuth2_concept -->
