<?xml version="1.0" encoding="UTF-8"?>
<!-- Generated by org.testng.reporters.JUnitReportReporter -->
<testsuite skipped="0" hostname="Jeys-MacBook-Pro.local" name="com.schemaValidationRestAPI.getUserDataTestClas" tests="1" failures="0" timestamp="10 Aug 2021 03:20:12 GMT" time="3.333" errors="0">
  <testcase name="userDataSchemaValidation" time="3.333" classname="com.schemaValidationRestAPI.getUserDataTestClas"/>
</testsuite> <!-- com.schemaValidationRestAPI.getUserDataTestClas -->
