<?xml version="1.0" encoding="UTF-8"?>
<!-- Generated by org.testng.reporters.JUnitReportReporter -->
<testsuite skipped="0" hostname="Jeys-MacBook-Pro.local" name="com.rest.api.authentications.DifferentAuth" tests="1" failures="0" timestamp="18 Aug 2021 20:04:06 GMT" time="3.086" errors="0">
  <testcase name="basic_auth_form_API_Test" time="3.086" classname="com.rest.api.authentications.DifferentAuth"/>
</testsuite> <!-- com.rest.api.authentications.DifferentAuth -->
