<?xml version="1.0" encoding="UTF-8"?>
<!-- Generated by org.testng.reporters.JUnitReportReporter -->
<testsuite skipped="0" hostname="Jeys-MacBook-Pro.local" name="com.restApi_Post.PostApiWith_POJO" tests="1" failures="0" timestamp="28 Oct 2021 01:53:54 GMT" time="7.476" errors="0">
  <testcase name="createUser_With_POJO_TEMPLATE" time="7.476" classname="com.restApi_Post.PostApiWith_POJO"/>
</testsuite> <!-- com.restApi_Post.PostApiWith_POJO -->
