<?xml version="1.0" encoding="UTF-8"?>
<!-- Generated by org.testng.reporters.JUnitReportReporter -->
<testsuite skipped="0" hostname="Jeys-MacBook-Pro.local" name="com.restApi_Get.Get_API_BDD" tests="1" failures="0" timestamp="12 Jun 2021 19:03:28 GMT" time="1.585" errors="0">
  <testcase name="getApiTest_4" time="1.585" classname="com.restApi_Get.Get_API_BDD"/>
</testsuite> <!-- com.restApi_Get.Get_API_BDD -->
