<?xml version="1.0" encoding="UTF-8"?>
<!-- Generated by org.testng.reporters.JUnitReportReporter -->
<testsuite skipped="0" hostname="Jeys-MacBook-Pro.local" name="com.restApi_Get.Get_API_BDD" tests="3" failures="0" timestamp="12 Jun 2021 20:04:01 GMT" time="2.238" errors="0">
  <testcase name="numberOfCircuitsYearTest" time="1.751" classname="com.restApi_Get.Get_API_BDD"/>
  <testcase name="numberOfCircuitsYearTest" time="0.254" classname="com.restApi_Get.Get_API_BDD"/>
  <testcase name="numberOfCircuitsYearTest" time="0.233" classname="com.restApi_Get.Get_API_BDD"/>
</testsuite> <!-- com.restApi_Get.Get_API_BDD -->
