<?xml version="1.0" encoding="UTF-8"?>
<!-- Generated by org.testng.reporters.JUnitReportReporter -->
<testsuite skipped="0" hostname="Jeys-MacBook-Pro.local" name="com.restApi_Get.Get_API_BDD" tests="3" failures="0" timestamp="14 Jul 2021 11:01:14 GMT" time="2.800" errors="0">
  <testcase name="numberOfCircuitsYearTest" time="0.241" classname="com.restApi_Get.Get_API_BDD"/>
  <testcase name="numberOfCircuitsYearTest" time="0.229" classname="com.restApi_Get.Get_API_BDD"/>
  <testcase name="numberOfCircuitsYearTest" time="2.330" classname="com.restApi_Get.Get_API_BDD"/>
</testsuite> <!-- com.restApi_Get.Get_API_BDD -->
