<?xml version="1.0" encoding="UTF-8"?>
<!-- Generated by org.testng.reporters.JUnitReportReporter -->
<testsuite skipped="0" hostname="Jeys-MBP.fios-router.home" name="com.rest.api.authentications.GenereateTokenAtTheRunTime" tests="1" failures="0" timestamp="04 Aug 2021 14:59:18 GMT" time="1.673" errors="0">
  <testcase name="generateToken_OAuth_2" time="1.673" classname="com.rest.api.authentications.GenereateTokenAtTheRunTime"/>
</testsuite> <!-- com.rest.api.authentications.GenereateTokenAtTheRunTime -->
