<?xml version="1.0" encoding="UTF-8"?>
<!-- Generated by org.testng.reporters.JUnitReportReporter -->
<testsuite skipped="0" hostname="Jeys-MacBook-Pro.local" name="com.restApi_Post.PostApiBDD" tests="1" failures="0" timestamp="08 Aug 2021 20:28:36 GMT" time="1.465" errors="0">
  <testcase name="tokenPostApi_test_File" time="1.465" classname="com.restApi_Post.PostApiBDD"/>
</testsuite> <!-- com.restApi_Post.PostApiBDD -->
