<?xml version="1.0" encoding="UTF-8"?>
<!-- Generated by org.testng.reporters.JUnitReportReporter -->
<testsuite skipped="0" hostname="Jeys-MacBook-Pro.local" name="com.rest.api.authentications.basicAndOAuth1" tests="1" failures="0" timestamp="14 Jul 2021 20:42:11 GMT" time="3.169" errors="0">
  <testcase name="OAuth_2_Test" time="3.169" classname="com.rest.api.authentications.basicAndOAuth1"/>
</testsuite> <!-- com.rest.api.authentications.basicAndOAuth1 -->
