<?xml version="1.0" encoding="UTF-8"?>
<!-- Generated by org.testng.reporters.JUnitReportReporter -->
<testsuite skipped="0" hostname="Jeys-MacBook-Pro.local" name="com.rest.api.authentications.basic_authentications" tests="1" failures="0" timestamp="14 Jul 2021 20:24:37 GMT" time="6.167" errors="0">
  <testcase name="OAuth_2_Test_OAuth_Header_WithQueryParam_2" time="6.167" classname="com.rest.api.authentications.basic_authentications"/>
</testsuite> <!-- com.rest.api.authentications.basic_authentications -->
