<?xml version="1.0" encoding="UTF-8"?>
<!-- Generated by org.testng.reporters.JUnitReportReporter -->
<testsuite skipped="0" hostname="Jeys-MacBook-Pro.local" name="ResponseSpecBuldConcept.ResponseSpecConcept_2" tests="1" failures="0" timestamp="25 Sep 2021 18:34:41 GMT" time="3.357" errors="0">
  <testcase name="getUsers_2" time="3.357" classname="ResponseSpecBuldConcept.ResponseSpecConcept_2"/>
</testsuite> <!-- ResponseSpecBuldConcept.ResponseSpecConcept_2 -->
