<?xml version="1.0" encoding="UTF-8"?>
<!-- Generated by org.testng.reporters.JUnitReportReporter -->
<testsuite skipped="0" hostname="Jeys-MacBook-Pro.local" name="com.restApi_Get.Get_API_BDD" tests="1" failures="0" timestamp="23 Sep 2021 11:57:44 GMT" time="1.658" errors="0">
  <testcase name="getBook_3" time="1.658" classname="com.restApi_Get.Get_API_BDD"/>
</testsuite> <!-- com.restApi_Get.Get_API_BDD -->
