<?xml version="1.0" encoding="UTF-8"?>
<!-- Generated by org.testng.reporters.JUnitReportReporter -->
<testsuite skipped="0" hostname="Jeys-MacBook-Pro.local" name="com.restApi_Get.GETNONBDDAPI" tests="1" failures="0" timestamp="18 Aug 2021 20:21:00 GMT" time="4.916" errors="0">
  <testcase name="getUser_Non_Bdd_HashMap_QueryParams_Test" time="4.916" classname="com.restApi_Get.GETNONBDDAPI"/>
</testsuite> <!-- com.restApi_Get.GETNONBDDAPI -->
