<?xml version="1.0" encoding="UTF-8"?>
<!-- Generated by org.testng.reporters.JUnitReportReporter -->
<testsuite skipped="0" hostname="Jeys-MacBook-Pro.local" name="com.rest.api.authentications.basicAndOAuth2" tests="1" failures="0" timestamp="24 Sep 2021 20:53:44 GMT" time="2.834" errors="0">
  <testcase name="OAuth_2_Test_OAuth_Header_WithQueryParam_2" time="2.834" classname="com.rest.api.authentications.basicAndOAuth2"/>
</testsuite> <!-- com.rest.api.authentications.basicAndOAuth2 -->
