<?xml version="1.0" encoding="UTF-8"?>
<!-- Generated by org.testng.reporters.JUnitReportReporter -->
<testsuite skipped="0" hostname="Jeys-MacBook-Pro.local" name="com.rest.api.authentications.basic_authentications" tests="1" failures="0" timestamp="21 Jun 2021 16:05:07 GMT" time="3.099" errors="0">
  <testcase name="OAuth_2_Test_OAuth_Header_WithQueryParam" time="3.099" classname="com.rest.api.authentications.basic_authentications"/>
</testsuite> <!-- com.rest.api.authentications.basic_authentications -->
