<?xml version="1.0" encoding="UTF-8"?>
<!-- Generated by org.testng.reporters.JUnitReportReporter -->
<testsuite skipped="0" hostname="Jeys-MacBook-Pro.local" name="com.rest.api.authentications.GenereateTokenAtTheRunTime" tests="1" failures="0" timestamp="25 Sep 2021 18:15:54 GMT" time="1.803" errors="0">
  <testcase name="generateToken_OAuth_2" time="1.803" classname="com.rest.api.authentications.GenereateTokenAtTheRunTime"/>
</testsuite> <!-- com.rest.api.authentications.GenereateTokenAtTheRunTime -->
