<?xml version="1.0" encoding="UTF-8"?>
<!-- Generated by org.testng.reporters.JUnitReportReporter -->
<testsuite skipped="0" hostname="Jeys-MacBook-Pro.local" name="ResponseSpecBuldConcept.RequestSpecBuilderConcept_2" tests="1" failures="0" timestamp="25 Sep 2021 20:50:07 GMT" time="3.294" errors="0">
  <testcase name="getUsers_3" time="3.294" classname="ResponseSpecBuldConcept.RequestSpecBuilderConcept_2"/>
</testsuite> <!-- ResponseSpecBuldConcept.RequestSpecBuilderConcept_2 -->
