<?xml version="1.0" encoding="UTF-8"?>
<!-- Generated by org.testng.reporters.JUnitReportReporter -->
<testsuite skipped="0" hostname="Jeys-MacBook-Pro.local" name="com.restApi_Get.get_http_bin" tests="2" failures="0" timestamp="23 Sep 2021 14:49:48 GMT" time="1.790" errors="0">
  <testcase name="testHttpBin_1" time="1.636" classname="com.restApi_Get.get_http_bin"/>
  <testcase name="testHttpBin_2" time="0.154" classname="com.restApi_Get.get_http_bin"/>
</testsuite> <!-- com.restApi_Get.get_http_bin -->
