<?xml version="1.0" encoding="UTF-8"?>
<!-- Generated by org.testng.reporters.JUnitReportReporter -->
<testsuite skipped="0" hostname="Jeys-MBP.fios-router.home" name="com.rest.api.authentications.basicAndOAuth1" tests="1" failures="0" timestamp="03 Aug 2021 16:44:49 GMT" time="3.024" errors="0">
  <testcase name="OAuth_2_Test" time="3.024" classname="com.rest.api.authentications.basicAndOAuth1"/>
</testsuite> <!-- com.rest.api.authentications.basicAndOAuth1 -->
